<?xml version="1.0" encoding="UTF-8"?>
<!-- Generated by org.testng.reporters.JUnitReportReporter -->
<testsuite hostname="DESKTOP-GAEG9SK" name="TestNG_pack.Demo2_testNG_MethodSequence" tests="6" failures="0" timestamp="24 Sep 2019 07:47:46 GMT" time="0.023" errors="0">
  <testcase name="G" time="0.002" classname="TestNG_pack.Demo2_testNG_MethodSequence"/>
  <testcase name="E" time="0.003" classname="TestNG_pack.Demo2_testNG_MethodSequence"/>
  <testcase name="B" time="0.006" classname="TestNG_pack.Demo2_testNG_MethodSequence"/>
  <testcase name="F" time="0.002" classname="TestNG_pack.Demo2_testNG_MethodSequence"/>
  <testcase name="C" time="0.001" classname="TestNG_pack.Demo2_testNG_MethodSequence"/>
  <testcase name="A" time="0.009" classname="TestNG_pack.Demo2_testNG_MethodSequence"/>
</testsuite> <!-- TestNG_pack.Demo2_testNG_MethodSequence -->
