<?xml version="1.0" encoding="UTF-8"?>
<!-- Generated by org.testng.reporters.JUnitReportReporter -->
<testsuite hostname="DESKTOP-GAEG9SK" name="TestNG_pack.Demo3_TestNG_UsageOfAnnotations" tests="1" failures="0" timestamp="3 Sep 2019 06:23:40 GMT" time="0.017" errors="0">
  <testcase name="test" time="0.017" classname="TestNG_pack.Demo3_TestNG_UsageOfAnnotations"/>
</testsuite> <!-- TestNG_pack.Demo3_TestNG_UsageOfAnnotations -->
