<?xml version="1.0" encoding="UTF-8"?>
<!-- Generated by org.testng.reporters.JUnitReportReporter -->
<testsuite hostname="DESKTOP-GAEG9SK" name="TestNG_pack.Demo9_Grid" tests="1" failures="0" timestamp="3 Sep 2019 13:20:49 GMT" time="340.882" errors="0">
  <testcase name="f" time="340.882" classname="TestNG_pack.Demo9_Grid"/>
</testsuite> <!-- TestNG_pack.Demo9_Grid -->
