<?xml version="1.0" encoding="UTF-8"?>
<!-- Generated by org.testng.reporters.JUnitReportReporter -->
<testsuite name="TestNG_pack.demo19_testNG_MethodSequence" tests="6" time="0.044" ignored="0" failures="0" timestamp="09 Aug 2019 12:30:54 GMT" skipped="0" hostname="IBM200-PC07QF34" errors="0">
  <testcase name="F" time="0.013" classname="TestNG_pack.demo19_testNG_MethodSequence"/>
  <testcase name="C" time="0.004" classname="TestNG_pack.demo19_testNG_MethodSequence"/>
  <testcase name="G" time="0.003" classname="TestNG_pack.demo19_testNG_MethodSequence"/>
  <testcase name="A" time="0.005" classname="TestNG_pack.demo19_testNG_MethodSequence"/>
  <testcase name="B" time="0.005" classname="TestNG_pack.demo19_testNG_MethodSequence"/>
  <testcase name="E" time="0.014" classname="TestNG_pack.demo19_testNG_MethodSequence"/>
</testsuite> <!-- TestNG_pack.demo19_testNG_MethodSequence -->
