<?xml version="1.0" encoding="UTF-8"?>
<!-- Generated by org.testng.reporters.JUnitReportReporter -->
<testsuite hostname="DESKTOP-GAEG9SK" name="TestNG_pack.Demo7_TestNG_Groups" tests="4" failures="0" timestamp="22 Sep 2019 16:07:36 GMT" time="0.015" errors="0">
  <testcase name="B" time="0.011" classname="TestNG_pack.Demo7_TestNG_Groups"/>
  <testcase name="D" time="0.001" classname="TestNG_pack.Demo7_TestNG_Groups"/>
  <testcase name="C" time="0.001" classname="TestNG_pack.Demo7_TestNG_Groups"/>
  <testcase name="A" time="0.002" classname="TestNG_pack.Demo7_TestNG_Groups"/>
</testsuite> <!-- TestNG_pack.Demo7_TestNG_Groups -->
