<?xml version="1.0" encoding="UTF-8"?>
<!-- Generated by org.testng.reporters.JUnitReportReporter -->
<testsuite hostname="DESKTOP-GAEG9SK" name="TestNG_pack.Demo1_TestNG_AnnotSeq1" tests="1" failures="0" timestamp="3 Oct 2020 02:37:10 GMT" time="0.000" errors="0">
  <testcase name="A1" time="0.000" classname="TestNG_pack.Demo1_TestNG_AnnotSeq1"/>
</testsuite> <!-- TestNG_pack.Demo1_TestNG_AnnotSeq1 -->
