<?xml version="1.0" encoding="UTF-8"?>
<!-- Generated by org.testng.reporters.JUnitReportReporter -->
<testsuite name="TestNG_pack.TestNG_class2" tests="1" time="0.005" ignored="0" failures="0" timestamp="09 Aug 2019 11:59:06 GMT" skipped="0" hostname="IBM200-PC07QF34" errors="0">
  <testcase name="A2" time="0.005" classname="TestNG_pack.TestNG_class2"/>
</testsuite> <!-- TestNG_pack.TestNG_class2 -->
